  StdAfx.cpp
  _WIN32_WINNT not defined. Defaulting to _WIN32_WINNT_MAXVER (see WinSDKVer.h)
  SpatialObject.cpp
  _WIN32_WINNT not defined. Defaulting to _WIN32_WINNT_MAXVER (see WinSDKVer.h)
  SpatialIndexArea.cpp
  _WIN32_WINNT not defined. Defaulting to _WIN32_WINNT_MAXVER (see WinSDKVer.h)
  SpatialIndex.cpp
  _WIN32_WINNT not defined. Defaulting to _WIN32_WINNT_MAXVER (see WinSDKVer.h)
  MyLine1.cpp
  _WIN32_WINNT not defined. Defaulting to _WIN32_WINNT_MAXVER (see WinSDKVer.h)
  MapProject.cpp
  _WIN32_WINNT not defined. Defaulting to _WIN32_WINNT_MAXVER (see WinSDKVer.h)
MapProject.cpp(34): warning C4305: “初始化”: 从“double”到“float”截断
MapProject.cpp(35): warning C4305: “初始化”: 从“double”到“float”截断
MapProject.cpp(36): warning C4244: “初始化”: 从“double”转换到“float”，可能丢失数据
MapProject.cpp(37): warning C4244: “初始化”: 从“double”转换到“float”，可能丢失数据
MapProject.cpp(38): warning C4244: “初始化”: 从“double”转换到“float”，可能丢失数据
MapProject.cpp(39): warning C4244: “初始化”: 从“double”转换到“float”，可能丢失数据
MapProject.cpp(40): warning C4244: “=”: 从“double”转换到“float”，可能丢失数据
MapProject.cpp(41): warning C4244: “=”: 从“double”转换到“float”，可能丢失数据
MapProject.cpp(59): warning C4244: “=”: 从“float”转换到“LONG”，可能丢失数据
MapProject.cpp(60): warning C4244: “=”: 从“float”转换到“LONG”，可能丢失数据
MapProject.cpp(74): warning C4244: “=”: 从“float”转换到“LONG”，可能丢失数据
MapProject.cpp(75): warning C4244: “=”: 从“float”转换到“LONG”，可能丢失数据
  MainFrm.cpp
  _WIN32_WINNT not defined. Defaulting to _WIN32_WINNT_MAXVER (see WinSDKVer.h)
  GeoPolyline.cpp
  _WIN32_WINNT not defined. Defaulting to _WIN32_WINNT_MAXVER (see WinSDKVer.h)
GeoPolyline.cpp(83): error C2065: “i”: 未声明的标识符
GeoPolyline.cpp(85): error C2065: “i”: 未声明的标识符
GeoPolyline.cpp(86): error C2065: “i”: 未声明的标识符
  GeoPolygon.cpp
  _WIN32_WINNT not defined. Defaulting to _WIN32_WINNT_MAXVER (see WinSDKVer.h)
GeoPolygon.cpp(41): warning C4244: “=”: 从“double”转换到“float”，可能丢失数据
GeoPolygon.cpp(42): warning C4244: “=”: 从“double”转换到“float”，可能丢失数据
GeoPolygon.cpp(44): warning C4244: “=”: 从“float”转换到“LONG”，可能丢失数据
GeoPolygon.cpp(45): warning C4244: “=”: 从“float”转换到“LONG”，可能丢失数据
GeoPolygon.cpp(71): warning C4244: “=”: 从“double”转换到“float”，可能丢失数据
GeoPolygon.cpp(72): warning C4244: “=”: 从“double”转换到“float”，可能丢失数据
GeoPolygon.cpp(80): warning C4244: “参数”: 从“float”转换到“int”，可能丢失数据
GeoPolygon.cpp(142): warning C4244: “return”: 从“LONG”转换到“float”，可能丢失数据
GeoPolygon.cpp(147): warning C4244: “return”: 从“double”转换到“float”，可能丢失数据
  GeoObject.cpp
  _WIN32_WINNT not defined. Defaulting to _WIN32_WINNT_MAXVER (see WinSDKVer.h)
  GeoMap.cpp
  _WIN32_WINNT not defined. Defaulting to _WIN32_WINNT_MAXVER (see WinSDKVer.h)
  GeoLayer.cpp
  _WIN32_WINNT not defined. Defaulting to _WIN32_WINNT_MAXVER (see WinSDKVer.h)
  DDALine.cpp
  _WIN32_WINNT not defined. Defaulting to _WIN32_WINNT_MAXVER (see WinSDKVer.h)
DDALine.cpp(33): warning C4244: “=”: 从“int”转换到“float”，可能丢失数据
DDALine.cpp(34): warning C4244: “=”: 从“int”转换到“float”，可能丢失数据
DDALine.cpp(36): warning C4244: “=”: 从“int”转换到“float”，可能丢失数据
DDALine.cpp(57): warning C4244: “=”: 从“int”转换到“float”，可能丢失数据
DDALine.cpp(58): warning C4244: “=”: 从“int”转换到“float”，可能丢失数据
DDALine.cpp(64): error C2668: “abs”: 对重载函数的调用不明确
  C:\Program Files (x86)\Windows Kits\10\Include\10.0.16299.0\ucrt\stdlib.h(363): note: 可能是“__int64 abs(const __int64) throw()”
  C:\Program Files (x86)\Windows Kits\10\Include\10.0.16299.0\ucrt\stdlib.h(358): note: 或    “long abs(const long) throw()”
  C:\Program Files (x86)\Windows Kits\10\Include\10.0.16299.0\ucrt\stdlib.h(288): note: 或    “int abs(int)”
  DDALine.cpp(64): note: 尝试匹配参数列表“(float)”时
DDALine.cpp(66): warning C4244: “=”: 从“int”转换到“float”，可能丢失数据
DDALine.cpp(67): warning C4244: “=”: 从“int”转换到“float”，可能丢失数据
DDALine.cpp(72): warning C4244: “参数”: 从“float”转换到“int”，可能丢失数据
  ConvexHull.cpp
  _WIN32_WINNT not defined. Defaulting to _WIN32_WINNT_MAXVER (see WinSDKVer.h)
ConvexHull.cpp(46): error C2065: “i”: 未声明的标识符
ConvexHull.cpp(48): error C2065: “i”: 未声明的标识符
ConvexHull.cpp(50): error C2065: “i”: 未声明的标识符
ConvexHull.cpp(59): warning C4244: “return”: 从“double”转换到“float”，可能丢失数据
ConvexHull.cpp(88): error C2065: “i”: 未声明的标识符
ConvexHull.cpp(90): error C2065: “i”: 未声明的标识符
ConvexHull.cpp(94): error C2065: “i”: 未声明的标识符
  ChnCities.cpp
  _WIN32_WINNT not defined. Defaulting to _WIN32_WINNT_MAXVER (see WinSDKVer.h)
ChnCities.cpp(42): warning C4244: “参数”: 从“float”转换到“int”，可能丢失数据
  CGExeView.cpp
  _WIN32_WINNT not defined. Defaulting to _WIN32_WINNT_MAXVER (see WinSDKVer.h)
CGExeView.cpp(437): warning C4244: “参数”: 从“float”转换到“int”，可能丢失数据
CGExeView.cpp(420): warning C4996: 'fopen': This function or variable may be unsafe. Consider using fopen_s instead. To disable deprecation, use _CRT_SECURE_NO_WARNINGS. See online help for details.
  C:\Program Files (x86)\Windows Kits\10\Include\10.0.16299.0\ucrt\stdio.h(207): note: 参见“fopen”的声明
CGExeView.cpp(430): warning C4996: 'fscanf': This function or variable may be unsafe. Consider using fscanf_s instead. To disable deprecation, use _CRT_SECURE_NO_WARNINGS. See online help for details.
  C:\Program Files (x86)\Windows Kits\10\Include\10.0.16299.0\ucrt\stdio.h(1195): note: 参见“fscanf”的声明
  CGExeDoc.cpp
  _WIN32_WINNT not defined. Defaulting to _WIN32_WINNT_MAXVER (see WinSDKVer.h)
  CGExe.cpp
  _WIN32_WINNT not defined. Defaulting to _WIN32_WINNT_MAXVER (see WinSDKVer.h)
CGExe.cpp(62): warning C4996: 'CWinApp::Enable3dControlsStatic': CWinApp::Enable3dControlsStatic is no longer needed. You should remove this call.
  C:\Program Files (x86)\Microsoft Visual Studio\2017\Community\VC\Tools\MSVC\14.11.25503\atlmfc\include\afxwin.h(5232): note: 参见“CWinApp::Enable3dControlsStatic”的声明
  BezierCurve.cpp
  _WIN32_WINNT not defined. Defaulting to _WIN32_WINNT_MAXVER (see WinSDKVer.h)
BezierCurve.cpp(40): warning C4305: “初始化”: 从“double”到“float”截断
BezierCurve.cpp(43): warning C4244: “=”: 从“double”转换到“LONG”，可能丢失数据
BezierCurve.cpp(44): warning C4244: “=”: 从“double”转换到“LONG”，可能丢失数据
  正在生成代码...
d:\lydia\资环6班\大二下\gis图形算法基础\cgexe\cgexeview.cpp(431): warning C4700: 使用了未初始化的局部变量“minx”
d:\lydia\资环6班\大二下\gis图形算法基础\cgexe\cgexeview.cpp(432): warning C4700: 使用了未初始化的局部变量“miny”
d:\lydia\资环6班\大二下\gis图形算法基础\cgexe\cgexeview.cpp(433): warning C4700: 使用了未初始化的局部变量“maxx”
d:\lydia\资环6班\大二下\gis图形算法基础\cgexe\cgexeview.cpp(434): warning C4700: 使用了未初始化的局部变量“maxy”
d:\lydia\资环6班\大二下\gis图形算法基础\cgexe\geopolygon.cpp(138): warning C4715: “CGeoPolygon::InsideConvexPolygon”: 不是所有的控件路径都返回值
d:\lydia\资环6班\大二下\gis图形算法基础\cgexe\myline1.cpp(106): warning C4700: 使用了未初始化的局部变量“hdc”
